10:23:55.710 INFO [GridLauncherV3.parse] - Selenium server version: 3.141.59, revision: e82be7d358
10:23:55.791 INFO [GridLauncherV3.lambda$buildLaunchers$3] - Launching a standalone Selenium Server on port 4444
2019-12-11 10:23:55.851:INFO::main: Logging initialized @418ms to org.seleniumhq.jetty9.util.log.StdErrLog
10:23:56.175 INFO [WebDriverServlet.<init>] - Initialising WebDriverServlet
10:23:56.686 INFO [SeleniumServer.boot] - Selenium Server is up and running on port 4444
10:23:57.020 INFO [ActiveSessionFactory.apply] - Capabilities are: {
  "acceptSslCerts": true,
  "browserName": "chrome",
  "chromeOptions": {
    "w3c": false
  },
  "name": "Bias"
}
10:23:57.024 INFO [ActiveSessionFactory.lambda$apply$11] - Matched factory org.openqa.selenium.grid.session.remote.ServicedSession$Factory (provider: org.openqa.selenium.chrome.ChromeDriverService)
Starting ChromeDriver 78.0.3904.70 (edb9c9f3de0247fd912a77b7f6cae7447f6d3ad5-refs/branch-heads/3904@{#800}) on port 19983
Only local connections are allowed.
Please protect ports used by ChromeDriver and related test frameworks to prevent access by malicious code.
[1576085040.485][WARNING]: Timed out connecting to Chrome, retrying...
10:24:02.525 INFO [ProtocolHandshake.createSession] - Detected dialect: OSS
10:24:02.878 INFO [RemoteSession$Factory.lambda$performHandshake$0] - Started new session 6998844354609cf9a74b8a2d22d7e216 (org.openqa.selenium.chrome.ChromeDriverService)
10:24:47.150 INFO [ActiveSessions$1.onStop] - Removing session 6998844354609cf9a74b8a2d22d7e216 (org.openqa.selenium.chrome.ChromeDriverService)
